# JRE version: Java(TM) SE Runtime Environment (8.0_171-b11) (build 1.8.0_171-b11)
# Java VM: Java HotSpot(TM) 64-Bit Server VM (25.171-b11 mixed mode windows-amd64 compressed oops)
Heap:
 PSYoungGen      total 257536K, used 221925K [0x00000000d5e00000, 0x00000000edb00000, 0x0000000100000000)
  eden space 243712K, 91% used [0x00000000d5e00000,0x00000000e36b9468,0x00000000e4c00000)
  from space 13824K, 0% used [0x00000000e4c00000,0x00000000e4c00000,0x00000000e5980000)
  to   space 15360K, 0% used [0x00000000ecc00000,0x00000000ecc00000,0x00000000edb00000)
 ParOldGen       total 72192K, used 22377K [0x0000000081a00000, 0x0000000086080000, 0x00000000d5e00000)
  object space 72192K, 30% used [0x0000000081a00000,0x0000000082fda520,0x0000000086080000)
 Metaspace       used 37537K, capacity 37958K, committed 38360K, reserved 1083392K
  class space    used 4726K, capacity 4833K, committed 4864K, reserved 1048576K
GC Heap History (10 events):
Event: 4.408 GC heap before
{Heap before GC invocations=7 (full 1):
 PSYoungGen      total 144384K, used 5764K [0x00000000d5e00000, 0x00000000df600000, 0x0000000100000000)
  eden space 133120K, 0% used [0x00000000d5e00000,0x00000000d5e00000,0x00000000de000000)
  from space 11264K, 51% used [0x00000000deb00000,0x00000000df0a12c0,0x00000000df600000)
  to   space 11264K, 0% used [0x00000000de000000,0x00000000de000000,0x00000000deb00000)
 ParOldGen       total 87552K, used 14574K [0x0000000081a00000, 0x0000000086f80000, 0x00000000d5e00000)
  object space 87552K, 16% used [0x0000000081a00000,0x000000008283bbb8,0x0000000086f80000)
 Metaspace       used 20771K, capacity 21098K, committed 21248K, reserved 1067008K
  class space    used 2582K, capacity 2692K, committed 2816K, reserved 1048576K
Event: 4.457 GC heap after
Heap after GC invocations=7 (full 1):
 PSYoungGen      total 144384K, used 0K [0x00000000d5e00000, 0x00000000df600000, 0x0000000100000000)
  eden space 133120K, 0% used [0x00000000d5e00000,0x00000000d5e00000,0x00000000de000000)
  from space 11264K, 0% used [0x00000000deb00000,0x00000000deb00000,0x00000000df600000)
  to   space 11264K, 0% used [0x00000000de000000,0x00000000de000000,0x00000000deb00000)
 ParOldGen       total 56832K, used 13267K [0x0000000081a00000, 0x0000000085180000, 0x00000000d5e00000)
  object space 56832K, 23% used [0x0000000081a00000,0x00000000826f4d78,0x0000000085180000)
 Metaspace       used 20771K, capacity 21098K, committed 21248K, reserved 1067008K
  class space    used 2582K, capacity 2692K, committed 2816K, reserved 1048576K
}
Event: 5.487 GC heap before
{Heap before GC invocations=8 (full 1):
 PSYoungGen      total 144384K, used 133120K [0x00000000d5e00000, 0x00000000df600000, 0x0000000100000000)
  eden space 133120K, 100% used [0x00000000d5e00000,0x00000000de000000,0x00000000de000000)
  from space 11264K, 0% used [0x00000000deb00000,0x00000000deb00000,0x00000000df600000)
  to   space 11264K, 0% used [0x00000000de000000,0x00000000de000000,0x00000000deb00000)
 ParOldGen       total 56832K, used 13267K [0x0000000081a00000, 0x0000000085180000, 0x00000000d5e00000)
  object space 56832K, 23% used [0x0000000081a00000,0x00000000826f4d78,0x0000000085180000)
 Metaspace       used 26464K, capacity 26798K, committed 27008K, reserved 1073152K
  class space    used 3336K, capacity 3434K, committed 3456K, reserved 1048576K
Event: 5.499 GC heap after
Heap after GC invocations=8 (full 1):
 PSYoungGen      total 144384K, used 9713K [0x00000000d5e00000, 0x00000000e6680000, 0x0000000100000000)
  eden space 133120K, 0% used [0x00000000d5e00000,0x00000000d5e00000,0x00000000de000000)
  from space 11264K, 86% used [0x00000000de000000,0x00000000de97c5a0,0x00000000deb00000)
  to   space 11776K, 0% used [0x00000000e5b00000,0x00000000e5b00000,0x00000000e6680000)
 ParOldGen       total 56832K, used 13275K [0x0000000081a00000, 0x0000000085180000, 0x00000000d5e00000)
  object space 56832K, 23% used [0x0000000081a00000,0x00000000826f6d78,0x0000000085180000)
 Metaspace       used 26464K, capacity 26798K, committed 27008K, reserved 1073152K
  class space    used 3336K, capacity 3434K, committed 3456K, reserved 1048576K
}
Event: 6.605 GC heap before
{Heap before GC invocations=9 (full 1):
 PSYoungGen      total 144384K, used 142833K [0x00000000d5e00000, 0x00000000e6680000, 0x0000000100000000)
  eden space 133120K, 100% used [0x00000000d5e00000,0x00000000de000000,0x00000000de000000)
  from space 11264K, 86% used [0x00000000de000000,0x00000000de97c5a0,0x00000000deb00000)
  to   space 11776K, 0% used [0x00000000e5b00000,0x00000000e5b00000,0x00000000e6680000)
 ParOldGen       total 56832K, used 13275K [0x0000000081a00000, 0x0000000085180000, 0x00000000d5e00000)
  object space 56832K, 23% used [0x0000000081a00000,0x00000000826f6d78,0x0000000085180000)
 Metaspace       used 32387K, capacity 32786K, committed 33152K, reserved 1079296K
  class space    used 4045K, capacity 4162K, committed 4224K, reserved 1048576K
Event: 6.627 GC heap after
Heap after GC invocations=9 (full 1):
 PSYoungGen      total 255488K, used 11759K [0x00000000d5e00000, 0x00000000e6700000, 0x0000000100000000)
  eden space 243712K, 0% used [0x00000000d5e00000,0x00000000d5e00000,0x00000000e4c00000)
  from space 11776K, 99% used [0x00000000e5b00000,0x00000000e667bc50,0x00000000e6680000)
  to   space 13824K, 0% used [0x00000000e4c00000,0x00000000e4c00000,0x00000000e5980000)
 ParOldGen       total 56832K, used 15392K [0x0000000081a00000, 0x0000000085180000, 0x00000000d5e00000)
  object space 56832K, 27% used [0x0000000081a00000,0x0000000082908258,0x0000000085180000)
 Metaspace       used 32387K, capacity 32786K, committed 33152K, reserved 1079296K
  class space    used 4045K, capacity 4162K, committed 4224K, reserved 1048576K
}
Event: 18.654 GC heap before
{Heap before GC invocations=10 (full 1):
 PSYoungGen      total 255488K, used 106002K [0x00000000d5e00000, 0x00000000e6700000, 0x0000000100000000)
  eden space 243712K, 38% used [0x00000000d5e00000,0x00000000dba08c88,0x00000000e4c00000)
  from space 11776K, 99% used [0x00000000e5b00000,0x00000000e667bc50,0x00000000e6680000)
  to   space 13824K, 0% used [0x00000000e4c00000,0x00000000e4c00000,0x00000000e5980000)
 ParOldGen       total 56832K, used 15392K [0x0000000081a00000, 0x0000000085180000, 0x00000000d5e00000)
  object space 56832K, 27% used [0x0000000081a00000,0x0000000082908258,0x0000000085180000)
 Metaspace       used 34768K, capacity 35226K, committed 35416K, reserved 1081344K
  class space    used 4360K, capacity 4479K, committed 4480K, reserved 1048576K
Event: 18.667 GC heap after
Heap after GC invocations=10 (full 1):
 PSYoungGen      total 257536K, used 12848K [0x00000000d5e00000, 0x00000000edb00000, 0x0000000100000000)
  eden space 243712K, 0% used [0x00000000d5e00000,0x00000000d5e00000,0x00000000e4c00000)
  from space 13824K, 92% used [0x00000000e4c00000,0x00000000e588c0f8,0x00000000e5980000)
  to   space 15360K, 0% used [0x00000000ecc00000,0x00000000ecc00000,0x00000000edb00000)
 ParOldGen       total 56832K, used 15400K [0x0000000081a00000, 0x0000000085180000, 0x00000000d5e00000)
  object space 56832K, 27% used [0x0000000081a00000,0x000000008290a258,0x0000000085180000)
 Metaspace       used 34768K, capacity 35226K, committed 35416K, reserved 1081344K
  class space    used 4360K, capacity 4479K, committed 4480K, reserved 1048576K
}
Event: 18.667 GC heap before
{Heap before GC invocations=11 (full 2):
 PSYoungGen      total 257536K, used 12848K [0x00000000d5e00000, 0x00000000edb00000, 0x0000000100000000)
  eden space 243712K, 0% used [0x00000000d5e00000,0x00000000d5e00000,0x00000000e4c00000)
  from space 13824K, 92% used [0x00000000e4c00000,0x00000000e588c0f8,0x00000000e5980000)
  to   space 15360K, 0% used [0x00000000ecc00000,0x00000000ecc00000,0x00000000edb00000)
 ParOldGen       total 56832K, used 15400K [0x0000000081a00000, 0x0000000085180000, 0x00000000d5e00000)
  object space 56832K, 27% used [0x0000000081a00000,0x000000008290a258,0x0000000085180000)
 Metaspace       used 34768K, capacity 35226K, committed 35416K, reserved 1081344K
  class space    used 4360K, capacity 4479K, committed 4480K, reserved 1048576K
Event: 18.751 GC heap after
Heap after GC invocations=11 (full 2):
 PSYoungGen      total 257536K, used 0K [0x00000000d5e00000, 0x00000000edb00000, 0x0000000100000000)
  eden space 243712K, 0% used [0x00000000d5e00000,0x00000000d5e00000,0x00000000e4c00000)
  from space 13824K, 0% used [0x00000000e4c00000,0x00000000e4c00000,0x00000000e5980000)
  to   space 15360K, 0% used [0x00000000ecc00000,0x00000000ecc00000,0x00000000edb00000)
 ParOldGen       total 72192K, used 22377K [0x0000000081a00000, 0x0000000086080000, 0x00000000d5e00000)
  object space 72192K, 30% used [0x0000000081a00000,0x0000000082fda520,0x0000000086080000)
 Metaspace       used 34768K, capacity 35226K, committed 35416K, reserved 1081344K
  class space    used 4360K, capacity 4479K, committed 4480K, reserved 1048576K
}

