# JRE version: Java(TM) SE Runtime Environment (8.0_171-b11) (build 1.8.0_171-b11)
# Java VM: Java HotSpot(TM) 64-Bit Server VM (25.171-b11 mixed mode windows-amd64 compressed oops)
Heap:
 PSYoungGen      total 276480K, used 171359K [0x00000000d5e00000, 0x00000000f0e80000, 0x0000000100000000)
  eden space 262656K, 65% used [0x00000000d5e00000,0x00000000e0557e80,0x00000000e5e80000)
  from space 13824K, 0% used [0x00000000e5e80000,0x00000000e5e80000,0x00000000e6c00000)
  to   space 17408K, 0% used [0x00000000efd80000,0x00000000efd80000,0x00000000f0e80000)
 ParOldGen       total 81408K, used 25808K [0x0000000081a00000, 0x0000000086980000, 0x00000000d5e00000)
  object space 81408K, 31% used [0x0000000081a00000,0x0000000083334170,0x0000000086980000)
 Metaspace       used 37483K, capacity 37966K, committed 38360K, reserved 1083392K
  class space    used 4710K, capacity 4833K, committed 4864K, reserved 1048576K
GC Heap History (10 events):
Event: 2.984 GC heap before
{Heap before GC invocations=5 (full 0):
 PSYoungGen      total 138240K, used 12250K [0x00000000d5e00000, 0x00000000dea00000, 0x0000000100000000)
  eden space 133120K, 5% used [0x00000000d5e00000,0x00000000d64f9788,0x00000000de000000)
  from space 5120K, 99% used [0x00000000de500000,0x00000000de9fd158,0x00000000dea00000)
  to   space 5120K, 0% used [0x00000000de000000,0x00000000de000000,0x00000000de500000)
 ParOldGen       total 87552K, used 13939K [0x0000000081a00000, 0x0000000086f80000, 0x00000000d5e00000)
  object space 87552K, 15% used [0x0000000081a00000,0x000000008279cef8,0x0000000086f80000)
 Metaspace       used 20740K, capacity 21098K, committed 21248K, reserved 1067008K
  class space    used 2575K, capacity 2692K, committed 2816K, reserved 1048576K
Event: 2.992 GC heap after
Heap after GC invocations=5 (full 0):
 PSYoungGen      total 138240K, used 5092K [0x00000000d5e00000, 0x00000000e7d00000, 0x0000000100000000)
  eden space 133120K, 0% used [0x00000000d5e00000,0x00000000d5e00000,0x00000000de000000)
  from space 5120K, 99% used [0x00000000de000000,0x00000000de4f9168,0x00000000de500000)
  to   space 13824K, 0% used [0x00000000e6f80000,0x00000000e6f80000,0x00000000e7d00000)
 ParOldGen       total 87552K, used 14367K [0x0000000081a00000, 0x0000000086f80000, 0x00000000d5e00000)
  object space 87552K, 16% used [0x0000000081a00000,0x0000000082807d70,0x0000000086f80000)
 Metaspace       used 20740K, capacity 21098K, committed 21248K, reserved 1067008K
  class space    used 2575K, capacity 2692K, committed 2816K, reserved 1048576K
}
Event: 2.992 GC heap before
{Heap before GC invocations=6 (full 1):
 PSYoungGen      total 138240K, used 5092K [0x00000000d5e00000, 0x00000000e7d00000, 0x0000000100000000)
  eden space 133120K, 0% used [0x00000000d5e00000,0x00000000d5e00000,0x00000000de000000)
  from space 5120K, 99% used [0x00000000de000000,0x00000000de4f9168,0x00000000de500000)
  to   space 13824K, 0% used [0x00000000e6f80000,0x00000000e6f80000,0x00000000e7d00000)
 ParOldGen       total 87552K, used 14367K [0x0000000081a00000, 0x0000000086f80000, 0x00000000d5e00000)
  object space 87552K, 16% used [0x0000000081a00000,0x0000000082807d70,0x0000000086f80000)
 Metaspace       used 20740K, capacity 21098K, committed 21248K, reserved 1067008K
  class space    used 2575K, capacity 2692K, committed 2816K, reserved 1048576K
Event: 3.040 GC heap after
Heap after GC invocations=6 (full 1):
 PSYoungGen      total 138240K, used 0K [0x00000000d5e00000, 0x00000000e7d00000, 0x0000000100000000)
  eden space 133120K, 0% used [0x00000000d5e00000,0x00000000d5e00000,0x00000000de000000)
  from space 5120K, 0% used [0x00000000de000000,0x00000000de000000,0x00000000de500000)
  to   space 13824K, 0% used [0x00000000e6f80000,0x00000000e6f80000,0x00000000e7d00000)
 ParOldGen       total 64000K, used 15654K [0x0000000081a00000, 0x0000000085880000, 0x00000000d5e00000)
  object space 64000K, 24% used [0x0000000081a00000,0x0000000082949a68,0x0000000085880000)
 Metaspace       used 20740K, capacity 21098K, committed 21248K, reserved 1067008K
  class space    used 2575K, capacity 2692K, committed 2816K, reserved 1048576K
}
Event: 3.855 GC heap before
{Heap before GC invocations=7 (full 1):
 PSYoungGen      total 138240K, used 133120K [0x00000000d5e00000, 0x00000000e7d00000, 0x0000000100000000)
  eden space 133120K, 100% used [0x00000000d5e00000,0x00000000de000000,0x00000000de000000)
  from space 5120K, 0% used [0x00000000de000000,0x00000000de000000,0x00000000de500000)
  to   space 13824K, 0% used [0x00000000e6f80000,0x00000000e6f80000,0x00000000e7d00000)
 ParOldGen       total 64000K, used 15654K [0x0000000081a00000, 0x0000000085880000, 0x00000000d5e00000)
  object space 64000K, 24% used [0x0000000081a00000,0x0000000082949a68,0x0000000085880000)
 Metaspace       used 26467K, capacity 26862K, committed 27008K, reserved 1073152K
  class space    used 3333K, capacity 3434K, committed 3456K, reserved 1048576K
Event: 3.868 GC heap after
Heap after GC invocations=7 (full 1):
 PSYoungGen      total 246784K, used 9775K [0x00000000d5e00000, 0x00000000e7980000, 0x0000000100000000)
  eden space 236544K, 0% used [0x00000000d5e00000,0x00000000d5e00000,0x00000000e4500000)
  from space 10240K, 95% used [0x00000000e6f80000,0x00000000e790bec0,0x00000000e7980000)
  to   space 13824K, 0% used [0x00000000e5e80000,0x00000000e5e80000,0x00000000e6c00000)
 ParOldGen       total 64000K, used 15654K [0x0000000081a00000, 0x0000000085880000, 0x00000000d5e00000)
  object space 64000K, 24% used [0x0000000081a00000,0x0000000082949a68,0x0000000085880000)
 Metaspace       used 26467K, capacity 26862K, committed 27008K, reserved 1073152K
  class space    used 3333K, capacity 3434K, committed 3456K, reserved 1048576K
}
Event: 25.211 GC heap before
{Heap before GC invocations=8 (full 1):
 PSYoungGen      total 246784K, used 238604K [0x00000000d5e00000, 0x00000000e7980000, 0x0000000100000000)
  eden space 236544K, 96% used [0x00000000d5e00000,0x00000000e3d77298,0x00000000e4500000)
  from space 10240K, 95% used [0x00000000e6f80000,0x00000000e790bec0,0x00000000e7980000)
  to   space 13824K, 0% used [0x00000000e5e80000,0x00000000e5e80000,0x00000000e6c00000)
 ParOldGen       total 64000K, used 15654K [0x0000000081a00000, 0x0000000085880000, 0x00000000d5e00000)
  object space 64000K, 24% used [0x0000000081a00000,0x0000000082949a68,0x0000000085880000)
 Metaspace       used 34815K, capacity 35234K, committed 35416K, reserved 1081344K
  class space    used 4362K, capacity 4479K, committed 4480K, reserved 1048576K
Event: 25.229 GC heap after
Heap after GC invocations=8 (full 1):
 PSYoungGen      total 276480K, used 13807K [0x00000000d5e00000, 0x00000000f0e80000, 0x0000000100000000)
  eden space 262656K, 0% used [0x00000000d5e00000,0x00000000d5e00000,0x00000000e5e80000)
  from space 13824K, 99% used [0x00000000e5e80000,0x00000000e6bfbe30,0x00000000e6c00000)
  to   space 17408K, 0% used [0x00000000efd80000,0x00000000efd80000,0x00000000f0e80000)
 ParOldGen       total 64000K, used 18414K [0x0000000081a00000, 0x0000000085880000, 0x00000000d5e00000)
  object space 64000K, 28% used [0x0000000081a00000,0x0000000082bfb880,0x0000000085880000)
 Metaspace       used 34815K, capacity 35234K, committed 35416K, reserved 1081344K
  class space    used 4362K, capacity 4479K, committed 4480K, reserved 1048576K
}
Event: 25.229 GC heap before
{Heap before GC invocations=9 (full 2):
 PSYoungGen      total 276480K, used 13807K [0x00000000d5e00000, 0x00000000f0e80000, 0x0000000100000000)
  eden space 262656K, 0% used [0x00000000d5e00000,0x00000000d5e00000,0x00000000e5e80000)
  from space 13824K, 99% used [0x00000000e5e80000,0x00000000e6bfbe30,0x00000000e6c00000)
  to   space 17408K, 0% used [0x00000000efd80000,0x00000000efd80000,0x00000000f0e80000)
 ParOldGen       total 64000K, used 18414K [0x0000000081a00000, 0x0000000085880000, 0x00000000d5e00000)
  object space 64000K, 28% used [0x0000000081a00000,0x0000000082bfb880,0x0000000085880000)
 Metaspace       used 34815K, capacity 35234K, committed 35416K, reserved 1081344K
  class space    used 4362K, capacity 4479K, committed 4480K, reserved 1048576K
Event: 25.324 GC heap after
Heap after GC invocations=9 (full 2):
 PSYoungGen      total 276480K, used 0K [0x00000000d5e00000, 0x00000000f0e80000, 0x0000000100000000)
  eden space 262656K, 0% used [0x00000000d5e00000,0x00000000d5e00000,0x00000000e5e80000)
  from space 13824K, 0% used [0x00000000e5e80000,0x00000000e5e80000,0x00000000e6c00000)
  to   space 17408K, 0% used [0x00000000efd80000,0x00000000efd80000,0x00000000f0e80000)
 ParOldGen       total 81408K, used 25808K [0x0000000081a00000, 0x0000000086980000, 0x00000000d5e00000)
  object space 81408K, 31% used [0x0000000081a00000,0x0000000083334170,0x0000000086980000)
 Metaspace       used 34815K, capacity 35234K, committed 35416K, reserved 1081344K
  class space    used 4362K, capacity 4479K, committed 4480K, reserved 1048576K
}

