# JRE version: Java(TM) SE Runtime Environment (8.0_171-b11) (build 1.8.0_171-b11)
# Java VM: Java HotSpot(TM) 64-Bit Server VM (25.171-b11 mixed mode windows-amd64 compressed oops)
Heap:
 PSYoungGen      total 276480K, used 104991K [0x00000000d5e00000, 0x00000000efc80000, 0x0000000100000000)
  eden space 262656K, 39% used [0x00000000d5e00000,0x00000000dc487ff8,0x00000000e5e80000)
  from space 13824K, 0% used [0x00000000e5e80000,0x00000000e5e80000,0x00000000e6c00000)
  to   space 16896K, 0% used [0x00000000eec00000,0x00000000eec00000,0x00000000efc80000)
 ParOldGen       total 81920K, used 25342K [0x0000000081a00000, 0x0000000086a00000, 0x00000000d5e00000)
  object space 81920K, 30% used [0x0000000081a00000,0x00000000832bfbf8,0x0000000086a00000)
 Metaspace       used 37442K, capacity 37918K, committed 38104K, reserved 1083392K
  class space    used 4709K, capacity 4837K, committed 4864K, reserved 1048576K
GC Heap History (10 events):
Event: 4.279 GC heap before
{Heap before GC invocations=5 (full 0):
 PSYoungGen      total 138240K, used 12238K [0x00000000d5e00000, 0x00000000dea00000, 0x0000000100000000)
  eden space 133120K, 5% used [0x00000000d5e00000,0x00000000d64f67d8,0x00000000de000000)
  from space 5120K, 99% used [0x00000000de500000,0x00000000de9fd178,0x00000000dea00000)
  to   space 5120K, 0% used [0x00000000de000000,0x00000000de000000,0x00000000de500000)
 ParOldGen       total 87552K, used 14651K [0x0000000081a00000, 0x0000000086f80000, 0x00000000d5e00000)
  object space 87552K, 16% used [0x0000000081a00000,0x000000008284efe0,0x0000000086f80000)
 Metaspace       used 20731K, capacity 21098K, committed 21248K, reserved 1067008K
  class space    used 2572K, capacity 2692K, committed 2816K, reserved 1048576K
Event: 4.288 GC heap after
Heap after GC invocations=5 (full 0):
 PSYoungGen      total 138240K, used 5092K [0x00000000d5e00000, 0x00000000e7d00000, 0x0000000100000000)
  eden space 133120K, 0% used [0x00000000d5e00000,0x00000000d5e00000,0x00000000de000000)
  from space 5120K, 99% used [0x00000000de000000,0x00000000de4f9188,0x00000000de500000)
  to   space 13824K, 0% used [0x00000000e6f80000,0x00000000e6f80000,0x00000000e7d00000)
 ParOldGen       total 87552K, used 15141K [0x0000000081a00000, 0x0000000086f80000, 0x00000000d5e00000)
  object space 87552K, 17% used [0x0000000081a00000,0x00000000828c96c8,0x0000000086f80000)
 Metaspace       used 20731K, capacity 21098K, committed 21248K, reserved 1067008K
  class space    used 2572K, capacity 2692K, committed 2816K, reserved 1048576K
}
Event: 4.288 GC heap before
{Heap before GC invocations=6 (full 1):
 PSYoungGen      total 138240K, used 5092K [0x00000000d5e00000, 0x00000000e7d00000, 0x0000000100000000)
  eden space 133120K, 0% used [0x00000000d5e00000,0x00000000d5e00000,0x00000000de000000)
  from space 5120K, 99% used [0x00000000de000000,0x00000000de4f9188,0x00000000de500000)
  to   space 13824K, 0% used [0x00000000e6f80000,0x00000000e6f80000,0x00000000e7d00000)
 ParOldGen       total 87552K, used 15141K [0x0000000081a00000, 0x0000000086f80000, 0x00000000d5e00000)
  object space 87552K, 17% used [0x0000000081a00000,0x00000000828c96c8,0x0000000086f80000)
 Metaspace       used 20731K, capacity 21098K, committed 21248K, reserved 1067008K
  class space    used 2572K, capacity 2692K, committed 2816K, reserved 1048576K
Event: 4.369 GC heap after
Heap after GC invocations=6 (full 1):
 PSYoungGen      total 138240K, used 0K [0x00000000d5e00000, 0x00000000e7d00000, 0x0000000100000000)
  eden space 133120K, 0% used [0x00000000d5e00000,0x00000000d5e00000,0x00000000de000000)
  from space 5120K, 0% used [0x00000000de000000,0x00000000de000000,0x00000000de500000)
  to   space 13824K, 0% used [0x00000000e6f80000,0x00000000e6f80000,0x00000000e7d00000)
 ParOldGen       total 64512K, used 15751K [0x0000000081a00000, 0x0000000085900000, 0x00000000d5e00000)
  object space 64512K, 24% used [0x0000000081a00000,0x0000000082961f58,0x0000000085900000)
 Metaspace       used 20731K, capacity 21098K, committed 21248K, reserved 1067008K
  class space    used 2572K, capacity 2692K, committed 2816K, reserved 1048576K
}
Event: 5.755 GC heap before
{Heap before GC invocations=7 (full 1):
 PSYoungGen      total 138240K, used 133120K [0x00000000d5e00000, 0x00000000e7d00000, 0x0000000100000000)
  eden space 133120K, 100% used [0x00000000d5e00000,0x00000000de000000,0x00000000de000000)
  from space 5120K, 0% used [0x00000000de000000,0x00000000de000000,0x00000000de500000)
  to   space 13824K, 0% used [0x00000000e6f80000,0x00000000e6f80000,0x00000000e7d00000)
 ParOldGen       total 64512K, used 15751K [0x0000000081a00000, 0x0000000085900000, 0x00000000d5e00000)
  object space 64512K, 24% used [0x0000000081a00000,0x0000000082961f58,0x0000000085900000)
 Metaspace       used 26508K, capacity 26868K, committed 27008K, reserved 1073152K
  class space    used 3339K, capacity 3435K, committed 3456K, reserved 1048576K
Event: 5.769 GC heap after
Heap after GC invocations=7 (full 1):
 PSYoungGen      total 242176K, used 9855K [0x00000000d5e00000, 0x00000000e7980000, 0x0000000100000000)
  eden space 231936K, 0% used [0x00000000d5e00000,0x00000000d5e00000,0x00000000e4080000)
  from space 10240K, 96% used [0x00000000e6f80000,0x00000000e791fe50,0x00000000e7980000)
  to   space 13824K, 0% used [0x00000000e5e80000,0x00000000e5e80000,0x00000000e6c00000)
 ParOldGen       total 64512K, used 15759K [0x0000000081a00000, 0x0000000085900000, 0x00000000d5e00000)
  object space 64512K, 24% used [0x0000000081a00000,0x0000000082963f58,0x0000000085900000)
 Metaspace       used 26508K, capacity 26868K, committed 27008K, reserved 1073152K
  class space    used 3339K, capacity 3435K, committed 3456K, reserved 1048576K
}
Event: 35.947 GC heap before
{Heap before GC invocations=8 (full 1):
 PSYoungGen      total 242176K, used 231996K [0x00000000d5e00000, 0x00000000e7980000, 0x0000000100000000)
  eden space 231936K, 95% used [0x00000000d5e00000,0x00000000e36ef4a0,0x00000000e4080000)
  from space 10240K, 96% used [0x00000000e6f80000,0x00000000e791fe50,0x00000000e7980000)
  to   space 13824K, 0% used [0x00000000e5e80000,0x00000000e5e80000,0x00000000e6c00000)
 ParOldGen       total 64512K, used 15759K [0x0000000081a00000, 0x0000000085900000, 0x00000000d5e00000)
  object space 64512K, 24% used [0x0000000081a00000,0x0000000082963f58,0x0000000085900000)
 Metaspace       used 34636K, capacity 35090K, committed 35416K, reserved 1081344K
  class space    used 4334K, capacity 4451K, committed 4480K, reserved 1048576K
Event: 35.964 GC heap after
Heap after GC invocations=8 (full 1):
 PSYoungGen      total 276480K, used 13807K [0x00000000d5e00000, 0x00000000efc80000, 0x0000000100000000)
  eden space 262656K, 0% used [0x00000000d5e00000,0x00000000d5e00000,0x00000000e5e80000)
  from space 13824K, 99% used [0x00000000e5e80000,0x00000000e6bfbe00,0x00000000e6c00000)
  to   space 16896K, 0% used [0x00000000eec00000,0x00000000eec00000,0x00000000efc80000)
 ParOldGen       total 64512K, used 18020K [0x0000000081a00000, 0x0000000085900000, 0x00000000d5e00000)
  object space 64512K, 27% used [0x0000000081a00000,0x0000000082b99028,0x0000000085900000)
 Metaspace       used 34636K, capacity 35090K, committed 35416K, reserved 1081344K
  class space    used 4334K, capacity 4451K, committed 4480K, reserved 1048576K
}
Event: 35.964 GC heap before
{Heap before GC invocations=9 (full 2):
 PSYoungGen      total 276480K, used 13807K [0x00000000d5e00000, 0x00000000efc80000, 0x0000000100000000)
  eden space 262656K, 0% used [0x00000000d5e00000,0x00000000d5e00000,0x00000000e5e80000)
  from space 13824K, 99% used [0x00000000e5e80000,0x00000000e6bfbe00,0x00000000e6c00000)
  to   space 16896K, 0% used [0x00000000eec00000,0x00000000eec00000,0x00000000efc80000)
 ParOldGen       total 64512K, used 18020K [0x0000000081a00000, 0x0000000085900000, 0x00000000d5e00000)
  object space 64512K, 27% used [0x0000000081a00000,0x0000000082b99028,0x0000000085900000)
 Metaspace       used 34636K, capacity 35090K, committed 35416K, reserved 1081344K
  class space    used 4334K, capacity 4451K, committed 4480K, reserved 1048576K
Event: 36.050 GC heap after
Heap after GC invocations=9 (full 2):
 PSYoungGen      total 276480K, used 0K [0x00000000d5e00000, 0x00000000efc80000, 0x0000000100000000)
  eden space 262656K, 0% used [0x00000000d5e00000,0x00000000d5e00000,0x00000000e5e80000)
  from space 13824K, 0% used [0x00000000e5e80000,0x00000000e5e80000,0x00000000e6c00000)
  to   space 16896K, 0% used [0x00000000eec00000,0x00000000eec00000,0x00000000efc80000)
 ParOldGen       total 81920K, used 25342K [0x0000000081a00000, 0x0000000086a00000, 0x00000000d5e00000)
  object space 81920K, 30% used [0x0000000081a00000,0x00000000832bfbf8,0x0000000086a00000)
 Metaspace       used 34636K, capacity 35090K, committed 35416K, reserved 1081344K
  class space    used 4334K, capacity 4451K, committed 4480K, reserved 1048576K
}

